<?xml version="1.0" encoding="UTF-8"?>
<testng-results skipped="0" failed="0" ignored="0" total="1" passed="1">
  <reporter-output>
  </reporter-output>
  <suite name="Default suite" duration-ms="43198" started-at="2018-11-16T09:32:27Z" finished-at="2018-11-16T09:33:10Z">
    <groups>
    </groups>
    <test name="Default test" duration-ms="43198" started-at="2018-11-16T09:32:27Z" finished-at="2018-11-16T09:33:10Z">
      <class name="Test.test1">
        <test-method status="PASS" signature="setup()[pri:0, instance:Test.test1@14acaea5]" name="setup" duration-ms="43162" started-at="2018-11-16T15:02:27Z" finished-at="2018-11-16T15:03:10Z">
          <reporter-output>
          </reporter-output>
        </test-method> <!-- setup -->
      </class> <!-- Test.test1 -->
    </test> <!-- Default test -->
  </suite> <!-- Default suite -->
</testng-results>
